{"ip": 1, "time": 1627635727.249871, "rand": "l"}
{"ip": 2, "time": 1627635727.867405, "rand": "H"}
{"ip": 3, "time": 1627635728.8293474, "rand": "J"}
{"ip": 4, "time": 1627635729.3631244, "rand": "<"}
{"ip": 5, "time": 1627635729.9080484, "rand": "B"}
{"ip": 6, "time": 1627635730.3695793, "rand": "<"}
{"ip": 7, "time": 1627635730.4570508, "rand": "a"}
{"ip": 8, "time": 1627635730.680052, "rand": "3"}
{"ip": 9, "time": 1627635730.9118848, "rand": "\r"}
{"ip": 10, "time": 1627635731.6334047, "rand": "O"}
{"ip": 11, "time": 1627635732.628816, "rand": "X"}
{"ip": 12, "time": 1627635733.1974425, "rand": "}"}
{"ip": 13, "time": 1627635734.0797975, "rand": "?"}
{"ip": 14, "time": 1627635734.2932148, "rand": ">"}
{"ip": 15, "time": 1627635735.0601344, "rand": "V"}
{"ip": 16, "time": 1627635735.7296946, "rand": "j"}
{"ip": 17, "time": 1627635736.3598766, "rand": "\t"}
{"ip": 18, "time": 1627635736.750079, "rand": "m"}
{"ip": 19, "time": 1627635736.8578668, "rand": "A"}
{"ip": 20, "time": 1627635737.7402365, "rand": "l"}
{"ip": 21, "time": 1627635737.9200058, "rand": "]"}
{"ip": 22, "time": 1627635738.6446457, "rand": "9"}
{"ip": 23, "time": 1627635739.1209757, "rand": "l"}
{"ip": 24, "time": 1627635739.968225, "rand": "\r"}
{"ip": 25, "time": 1627635740.7918248, "rand": "8"}
{"ip": 26, "time": 1627635741.4153492, "rand": "s"}
{"ip": 27, "time": 1627635742.2176278, "rand": "i"}
{"ip": 28, "time": 1627635743.1443536, "rand": "v"}
{"ip": 29, "time": 1627635743.9650524, "rand": "u"}
{"ip": 30, "time": 1627635744.6319585, "rand": "R"}
{"ip": 31, "time": 1627635745.0170085, "rand": "V"}
{"ip": 32, "time": 1627635745.7044492, "rand": "D"}
{"ip": 33, "time": 1627635745.925021, "rand": "F"}
{"ip": 34, "time": 1627635746.3483055, "rand": ":"}
{"ip": 35, "time": 1627635747.2032974, "rand": "E"}
{"ip": 36, "time": 1627635747.32145, "rand": ";"}
{"ip": 37, "time": 1627635747.763296, "rand": "7"}
{"ip": 38, "time": 1627635747.8661718, "rand": "s"}
{"ip": 39, "time": 1627635748.3027577, "rand": "N"}
{"ip": 40, "time": 1627635748.630615, "rand": " "}
{"ip": 41, "time": 1627635749.1692758, "rand": "s"}
{"ip": 42, "time": 1627635749.6436245, "rand": "N"}
{"ip": 43, "time": 1627635750.1629035, "rand": "{"}
{"ip": 44, "time": 1627635751.061301, "rand": "b"}
{"ip": 45, "time": 1627635751.45905, "rand": "V"}
{"ip": 46, "time": 1627635752.0209744, "rand": "?"}
{"ip": 47, "time": 1627635752.9901888, "rand": "#"}
{"ip": 48, "time": 1627635753.513225, "rand": "\\"}
{"ip": 49, "time": 1627635753.5937703, "rand": "{"}
{"ip": 50, "time": 1627635753.74467, "rand": "R"}
{"ip": 51, "time": 1627635754.0591228, "rand": "8"}
{"ip": 52, "time": 1627635754.2862754, "rand": "#"}
{"ip": 53, "time": 1627635754.8580756, "rand": "R"}
{"ip": 54, "time": 1627635755.4135344, "rand": " "}
{"ip": 55, "time": 1627635755.971175, "rand": "."}
{"ip": 56, "time": 1627635756.6364567, "rand": "`"}
{"ip": 57, "time": 1627635757.2828867, "rand": "@"}
{"ip": 58, "time": 1627635757.5983086, "rand": "/"}
{"ip": 59, "time": 1627635757.760381, "rand": "Z"}
{"ip": 60, "time": 1627635758.1434224, "rand": "o"}
{"ip": 61, "time": 1627635758.6588402, "rand": "["}
{"ip": 62, "time": 1627635759.1694493, "rand": "j"}
{"ip": 63, "time": 1627635759.5878124, "rand": "+"}
{"ip": 64, "time": 1627635760.4396355, "rand": "b"}
{"ip": 65, "time": 1627635760.81085, "rand": "!"}
{"ip": 66, "time": 1627635761.680847, "rand": "6"}
{"ip": 67, "time": 1627635761.9745672, "rand": "="}
{"ip": 68, "time": 1627635762.57442, "rand": "s"}
{"ip": 69, "time": 1627635763.2467184, "rand": "9"}
{"ip": 70, "time": 1627635764.0030415, "rand": "J"}
{"ip": 71, "time": 1627635764.706776, "rand": "8"}
{"ip": 72, "time": 1627635765.3257792, "rand": "J"}
{"ip": 73, "time": 1627635765.873976, "rand": "<"}
{"ip": 74, "time": 1627635766.0366108, "rand": "Q"}
{"ip": 75, "time": 1627635766.2154598, "rand": "'"}
{"ip": 76, "time": 1627635766.6346595, "rand": "!"}
{"ip": 77, "time": 1627635767.5023284, "rand": ")"}
{"ip": 78, "time": 1627635768.2420406, "rand": "\""}
{"ip": 79, "time": 1627635769.1112676, "rand": "\n"}
{"ip": 80, "time": 1627635769.5659537, "rand": "E"}
{"ip": 81, "time": 1627635770.089855, "rand": "+"}
{"ip": 82, "time": 1627635770.38922, "rand": "i"}
{"ip": 83, "time": 1627635770.9448743, "rand": "G"}
{"ip": 84, "time": 1627635771.3457756, "rand": "F"}
{"ip": 85, "time": 1627635771.7323875, "rand": "@"}
{"ip": 86, "time": 1627635771.8736455, "rand": "K"}
{"ip": 87, "time": 1627635771.894989, "rand": "J"}
{"ip": 88, "time": 1627635772.2157829, "rand": "@"}
{"ip": 89, "time": 1627635772.8609865, "rand": "q"}
{"ip": 90, "time": 1627635773.7398038, "rand": "Z"}
{"ip": 91, "time": 1627635774.5679796, "rand": "^"}
{"ip": 92, "time": 1627635775.2250555, "rand": "a"}
{"ip": 93, "time": 1627635775.778454, "rand": "8"}
{"ip": 94, "time": 1627635775.9836767, "rand": "x"}
{"ip": 95, "time": 1627635776.1942763, "rand": "G"}
{"ip": 96, "time": 1627635776.9402041, "rand": "\u000b"}
{"ip": 97, "time": 1627635777.0152998, "rand": "U"}
{"ip": 98, "time": 1627635777.0421963, "rand": "^"}
{"ip": 99, "time": 1627635777.0889165, "rand": "P"}
{"ip": 100, "time": 1627635777.979296, "rand": "j"}
{"ip": 101, "time": 1627635778.574267, "rand": "\""}
{"ip": 102, "time": 1627635779.1181285, "rand": "0"}
{"ip": 103, "time": 1627635779.1760225, "rand": "\t"}
{"ip": 104, "time": 1627635779.9422994, "rand": "&"}
{"ip": 105, "time": 1627635780.60804, "rand": "0"}
{"ip": 106, "time": 1627635781.2784965, "rand": "'"}
{"ip": 107, "time": 1627635781.2867775, "rand": "E"}
{"ip": 108, "time": 1627635781.4064434, "rand": "0"}
{"ip": 109, "time": 1627635781.9255617, "rand": "b"}
{"ip": 110, "time": 1627635782.1352513, "rand": "@"}
{"ip": 111, "time": 1627635782.8692973, "rand": "p"}
{"ip": 112, "time": 1627635783.5871725, "rand": "F"}
{"ip": 113, "time": 1627635783.8312354, "rand": "%"}
{"ip": 114, "time": 1627635784.607073, "rand": "7"}
{"ip": 115, "time": 1627635785.3175738, "rand": "("}
{"ip": 116, "time": 1627635785.4423952, "rand": "E"}
{"ip": 117, "time": 1627635786.3918772, "rand": "/"}
{"ip": 118, "time": 1627635786.662552, "rand": "l"}
{"ip": 119, "time": 1627635787.6640432, "rand": "@"}
{"ip": 120, "time": 1627635787.8685126, "rand": "c"}
{"ip": 121, "time": 1627635788.5447795, "rand": "~"}
{"ip": 122, "time": 1627635789.3828435, "rand": "]"}
{"ip": 123, "time": 1627635790.1010818, "rand": "L"}
{"ip": 124, "time": 1627635790.5408263, "rand": "W"}
{"ip": 125, "time": 1627635791.1423213, "rand": "a"}
{"ip": 126, "time": 1627635791.2001007, "rand": "I"}
{"ip": 127, "time": 1627635791.767102, "rand": "r"}
{"ip": 128, "time": 1627635791.9506872, "rand": "2"}
{"ip": 129, "time": 1627635792.3512216, "rand": "_"}
{"ip": 130, "time": 1627635792.6029506, "rand": "i"}
{"ip": 131, "time": 1627635792.9244611, "rand": "!"}
{"ip": 132, "time": 1627635793.5750737, "rand": "n"}
{"ip": 133, "time": 1627635793.9244888, "rand": "\r"}
{"ip": 134, "time": 1627635794.9042346, "rand": "d"}
{"ip": 135, "time": 1627635795.648235, "rand": "k"}
{"ip": 136, "time": 1627635795.726262, "rand": "\r"}
{"ip": 137, "time": 1627635796.2803376, "rand": "+"}
{"ip": 138, "time": 1627635796.4853709, "rand": "c"}
{"ip": 139, "time": 1627635796.5892336, "rand": "\""}
{"ip": 140, "time": 1627635796.6045613, "rand": "|"}
{"ip": 141, "time": 1627635796.9976957, "rand": ">"}
{"ip": 142, "time": 1627635797.6310508, "rand": ","}
{"ip": 143, "time": 1627635798.1572394, "rand": "2"}
{"ip": 144, "time": 1627635798.4532037, "rand": "l"}
{"ip": 145, "time": 1627635798.7572403, "rand": "b"}
{"ip": 146, "time": 1627635799.033779, "rand": "I"}
{"ip": 147, "time": 1627635799.9103186, "rand": "#"}
{"ip": 148, "time": 1627635800.15261, "rand": "h"}
{"ip": 149, "time": 1627635800.3488245, "rand": "K"}
{"ip": 150, "time": 1627635801.1810071, "rand": "K"}
{"ip": 151, "time": 1627635801.3671224, "rand": "_"}
{"ip": 152, "time": 1627635802.217799, "rand": "R"}
{"ip": 153, "time": 1627635802.696127, "rand": "-"}
{"ip": 154, "time": 1627635803.6702237, "rand": "l"}
{"ip": 155, "time": 1627635804.5831034, "rand": "\n"}
{"ip": 156, "time": 1627635805.5411608, "rand": "\\"}
{"ip": 157, "time": 1627635805.6541696, "rand": "\f"}
{"ip": 158, "time": 1627635806.24537, "rand": "E"}
{"ip": 159, "time": 1627635806.3925934, "rand": "v"}
{"ip": 160, "time": 1627635806.760492, "rand": "5"}
{"ip": 161, "time": 1627635807.1082587, "rand": "B"}
{"ip": 162, "time": 1627635807.6460733, "rand": "/"}
{"ip": 163, "time": 1627635808.3700461, "rand": "&"}
{"ip": 164, "time": 1627635808.5305576, "rand": "]"}
{"ip": 165, "time": 1627635809.09721, "rand": "U"}
{"ip": 166, "time": 1627635809.173908, "rand": "?"}
{"ip": 167, "time": 1627635809.8001993, "rand": "t"}
{"ip": 168, "time": 1627635810.3691638, "rand": "\""}
{"ip": 169, "time": 1627635810.9212165, "rand": "x"}
{"ip": 170, "time": 1627635810.9288025, "rand": "h"}
{"ip": 171, "time": 1627635811.422114, "rand": "}"}
{"ip": 172, "time": 1627635811.7587779, "rand": "b"}
{"ip": 173, "time": 1627635811.7975235, "rand": "S"}
{"ip": 174, "time": 1627635812.007612, "rand": "}"}
{"ip": 175, "time": 1627635812.4826164, "rand": "m"}
{"ip": 176, "time": 1627635813.0807786, "rand": "I"}
{"ip": 177, "time": 1627635813.3509653, "rand": "v"}
{"ip": 178, "time": 1627635813.552565, "rand": ";"}
{"ip": 179, "time": 1627635814.2258592, "rand": "("}
{"ip": 180, "time": 1627635815.1665766, "rand": "j"}
{"ip": 181, "time": 1627635815.4142077, "rand": "}"}
{"ip": 182, "time": 1627635815.471991, "rand": "l"}
{"ip": 183, "time": 1627635815.6009912, "rand": "M"}
{"ip": 184, "time": 1627635816.3595545, "rand": ">"}
{"ip": 185, "time": 1627635816.975531, "rand": ")"}
{"ip": 186, "time": 1627635817.370798, "rand": "Q"}
{"ip": 187, "time": 1627635818.1006122, "rand": "Z"}
{"ip": 188, "time": 1627635818.4752781, "rand": "H"}
{"ip": 189, "time": 1627635818.6338408, "rand": "?"}
{"ip": 190, "time": 1627635818.7446759, "rand": "R"}
{"ip": 191, "time": 1627635819.520797, "rand": "o"}
{"ip": 192, "time": 1627635820.1748595, "rand": "p"}
{"ip": 193, "time": 1627635820.6347454, "rand": "~"}
{"ip": 194, "time": 1627635821.2887988, "rand": "|"}
{"ip": 195, "time": 1627635821.5909972, "rand": "1"}
{"ip": 196, "time": 1627635821.7148404, "rand": "%"}
{"ip": 197, "time": 1627635822.5940733, "rand": "'"}
{"ip": 198, "time": 1627635822.7036679, "rand": "y"}
{"ip": 199, "time": 1627635823.5024164, "rand": "O"}
{"ip": 200, "time": 1627635824.3186765, "rand": " "}
{"ip": 201, "time": 1627635824.5229726, "rand": "N"}
{"ip": 202, "time": 1627635824.9366732, "rand": "x"}
{"ip": 203, "time": 1627635825.3727772, "rand": "h"}
{"ip": 204, "time": 1627635826.126824, "rand": "Q"}
{"ip": 205, "time": 1627635826.9986937, "rand": "]"}
{"ip": 206, "time": 1627635827.1879132, "rand": "O"}
{"ip": 207, "time": 1627635827.932888, "rand": ")"}
{"ip": 208, "time": 1627635828.266297, "rand": "!"}
{"ip": 209, "time": 1627635828.8382142, "rand": "d"}
{"ip": 210, "time": 1627635829.2128837, "rand": ">"}
{"ip": 211, "time": 1627635829.7280786, "rand": "J"}
{"ip": 212, "time": 1627635829.798597, "rand": "U"}
{"ip": 213, "time": 1627635829.8509772, "rand": "|"}
{"ip": 214, "time": 1627635830.690818, "rand": "_"}
{"ip": 215, "time": 1627635830.9224336, "rand": "&"}
{"ip": 216, "time": 1627635831.57823, "rand": "B"}
{"ip": 217, "time": 1627635831.596688, "rand": "\""}
{"ip": 218, "time": 1627635832.1042173, "rand": ","}
{"ip": 219, "time": 1627635832.9120097, "rand": "L"}
{"ip": 220, "time": 1627635833.756635, "rand": "n"}
{"ip": 221, "time": 1627635834.4822392, "rand": "g"}
{"ip": 222, "time": 1627635835.006423, "rand": ":"}
{"ip": 223, "time": 1627635836.0113146, "rand": "K"}
{"ip": 224, "time": 1627635836.022948, "rand": "%"}
{"ip": 225, "time": 1627635836.464494, "rand": "'"}
{"ip": 226, "time": 1627635836.8165355, "rand": "]"}
{"ip": 227, "time": 1627635837.7028592, "rand": "`"}
{"ip": 228, "time": 1627635838.0684266, "rand": "~"}
{"ip": 229, "time": 1627635838.380607, "rand": "A"}
{"ip": 230, "time": 1627635838.3849862, "rand": "\t"}
{"ip": 231, "time": 1627635839.104046, "rand": "q"}
{"ip": 232, "time": 1627635839.744533, "rand": "6"}
{"ip": 233, "time": 1627635840.6746614, "rand": "O"}
{"ip": 234, "time": 1627635840.847349, "rand": "g"}
{"ip": 235, "time": 1627635841.5028956, "rand": ";"}
{"ip": 236, "time": 1627635841.8404505, "rand": "\n"}
{"ip": 237, "time": 1627635842.197928, "rand": "~"}
{"ip": 238, "time": 1627635842.5211618, "rand": "8"}
{"ip": 239, "time": 1627635842.9739296, "rand": "s"}
{"ip": 240, "time": 1627635843.7575767, "rand": "J"}
{"ip": 241, "time": 1627635844.7267206, "rand": "J"}
{"ip": 242, "time": 1627635845.2621143, "rand": "P"}
{"ip": 243, "time": 1627635845.874884, "rand": "O"}
{"ip": 244, "time": 1627635846.1225295, "rand": "t"}
{"ip": 245, "time": 1627635846.3830144, "rand": "h"}
{"ip": 246, "time": 1627635847.3087318, "rand": "%"}
{"ip": 247, "time": 1627635847.3346798, "rand": "x"}
{"ip": 248, "time": 1627635847.7785437, "rand": "p"}
{"ip": 249, "time": 1627635848.2517369, "rand": "{"}
{"ip": 250, "time": 1627635848.7116337, "rand": "D"}
{"ip": 251, "time": 1627635849.6848671, "rand": "_"}
{"ip": 252, "time": 1627635849.8868408, "rand": "'"}
{"ip": 253, "time": 1627635850.4880712, "rand": "<"}
{"ip": 254, "time": 1627635851.3437102, "rand": "1"}
{"ip": 255, "time": 1627635851.8129833, "rand": "C"}
{"ip": 256, "time": 1627635852.752856, "rand": "\f"}
{"ip": 257, "time": 1627635853.4686356, "rand": "y"}
{"ip": 258, "time": 1627635854.291591, "rand": ";"}
{"ip": 259, "time": 1627635854.5506816, "rand": "G"}
{"ip": 260, "time": 1627635854.7015657, "rand": "T"}
{"ip": 261, "time": 1627635855.341745, "rand": "`"}
{"ip": 262, "time": 1627635856.0638413, "rand": "x"}
{"ip": 263, "time": 1627635856.580727, "rand": "\f"}
{"ip": 264, "time": 1627635856.699573, "rand": "J"}
{"ip": 265, "time": 1627635857.2308593, "rand": "\\"}
{"ip": 266, "time": 1627635857.5986495, "rand": "\r"}
{"ip": 267, "time": 1627635857.9249024, "rand": "\\"}
{"ip": 268, "time": 1627635858.4557772, "rand": "b"}
{"ip": 269, "time": 1627635858.5624685, "rand": "B"}
{"ip": 270, "time": 1627635859.2796414, "rand": "b"}
{"ip": 271, "time": 1627635860.117725, "rand": "H"}
{"ip": 272, "time": 1627635860.859347, "rand": "K"}
{"ip": 273, "time": 1627635861.3283653, "rand": "a"}
{"ip": 274, "time": 1627635861.7961695, "rand": "J"}
{"ip": 275, "time": 1627635862.3100257, "rand": "["}
{"ip": 276, "time": 1627635862.6745634, "rand": "+"}
{"ip": 277, "time": 1627635863.4710553, "rand": "("}
{"ip": 278, "time": 1627635863.5129054, "rand": "!"}
{"ip": 279, "time": 1627635863.919376, "rand": "S"}
{"ip": 280, "time": 1627635864.1350884, "rand": "@"}
{"ip": 281, "time": 1627635865.0871005, "rand": "S"}
{"ip": 282, "time": 1627635865.627638, "rand": "H"}
{"ip": 283, "time": 1627635866.5827594, "rand": "7"}
{"ip": 284, "time": 1627635867.1118264, "rand": "I"}
{"ip": 285, "time": 1627635867.32172, "rand": "}"}
{"ip": 286, "time": 1627635867.5239747, "rand": "A"}
{"ip": 287, "time": 1627635868.4475224, "rand": "="}
{"ip": 288, "time": 1627635868.7399328, "rand": "j"}
{"ip": 289, "time": 1627635868.9229476, "rand": "\""}
{"ip": 290, "time": 1627635869.3260508, "rand": "5"}
{"ip": 291, "time": 1627635869.4478462, "rand": "`"}
{"ip": 292, "time": 1627635870.4439023, "rand": "6"}
{"ip": 293, "time": 1627635871.1705089, "rand": ">"}
{"ip": 294, "time": 1627635871.280292, "rand": "k"}
{"ip": 295, "time": 1627635871.9598398, "rand": "S"}
{"ip": 296, "time": 1627635872.4953847, "rand": "`"}
{"ip": 297, "time": 1627635873.3036594, "rand": "6"}
{"ip": 298, "time": 1627635873.3696735, "rand": "_"}
{"ip": 299, "time": 1627635874.1992757, "rand": "|"}
{"ip": 300, "time": 1627635874.8549304, "rand": "C"}
{"ip": 301, "time": 1627635875.76804, "rand": "!"}
{"ip": 302, "time": 1627635876.631051, "rand": "9"}
{"ip": 303, "time": 1627635877.3899965, "rand": "."}
{"ip": 304, "time": 1627635878.1446247, "rand": "/"}
{"ip": 305, "time": 1627635879.0636554, "rand": "S"}
{"ip": 306, "time": 1627635879.7850115, "rand": "Q"}
{"ip": 307, "time": 1627635879.9064155, "rand": "o"}
{"ip": 308, "time": 1627635880.6771548, "rand": "c"}
{"ip": 309, "time": 1627635881.615133, "rand": "*"}
{"ip": 310, "time": 1627635882.2441342, "rand": "Z"}
{"ip": 311, "time": 1627635882.3896868, "rand": "$"}
{"ip": 312, "time": 1627635882.6518183, "rand": "K"}
{"ip": 313, "time": 1627635882.892799, "rand": "8"}
{"ip": 314, "time": 1627635883.6815012, "rand": "b"}
{"ip": 315, "time": 1627635884.5000148, "rand": "I"}
{"ip": 316, "time": 1627635885.3197267, "rand": "%"}
{"ip": 317, "time": 1627635885.4899652, "rand": "%"}
{"ip": 318, "time": 1627635886.3021646, "rand": "6"}
{"ip": 319, "time": 1627635886.3521569, "rand": "+"}
{"ip": 320, "time": 1627635886.6723304, "rand": "y"}
{"ip": 321, "time": 1627635887.4282546, "rand": "k"}
{"ip": 322, "time": 1627635888.275158, "rand": "M"}
{"ip": 323, "time": 1627635888.8783379, "rand": "9"}
{"ip": 324, "time": 1627635888.9078972, "rand": "V"}
{"ip": 325, "time": 1627635889.8895144, "rand": "6"}
{"ip": 326, "time": 1627635890.694745, "rand": ")"}
{"ip": 327, "time": 1627635891.4256775, "rand": ">"}
{"ip": 328, "time": 1627635891.9194026, "rand": "+"}
{"ip": 329, "time": 1627635892.8145335, "rand": "X"}
{"ip": 330, "time": 1627635893.444733, "rand": "n"}
{"ip": 331, "time": 1627635893.6442783, "rand": "("}
{"ip": 332, "time": 1627635894.0352159, "rand": "_"}
{"ip": 333, "time": 1627635894.9828548, "rand": "\f"}
{"ip": 334, "time": 1627635895.450132, "rand": "="}
{"ip": 335, "time": 1627635895.5728428, "rand": "~"}
{"ip": 336, "time": 1627635895.942345, "rand": "-"}
{"ip": 337, "time": 1627635896.2494059, "rand": "\n"}
{"ip": 338, "time": 1627635897.0607145, "rand": ","}
{"ip": 339, "time": 1627635897.2586336, "rand": "%"}
{"ip": 340, "time": 1627635897.7186966, "rand": "K"}
{"ip": 341, "time": 1627635898.6512625, "rand": "A"}
{"ip": 342, "time": 1627635899.6371946, "rand": "]"}
{"ip": 343, "time": 1627635899.7467477, "rand": "b"}
{"ip": 344, "time": 1627635899.9425843, "rand": "5"}
{"ip": 345, "time": 1627635900.9441676, "rand": "H"}
{"ip": 346, "time": 1627635901.9272044, "rand": "Y"}
{"ip": 347, "time": 1627635902.7891202, "rand": "q"}
{"ip": 348, "time": 1627635903.5138276, "rand": "l"}
{"ip": 349, "time": 1627635903.9869964, "rand": "V"}
{"ip": 350, "time": 1627635904.1401472, "rand": "o"}
{"ip": 351, "time": 1627635905.1312954, "rand": "x"}
{"ip": 352, "time": 1627635905.24192, "rand": ")"}
{"ip": 353, "time": 1627635905.8606122, "rand": "~"}
{"ip": 354, "time": 1627635905.868036, "rand": "o"}
{"ip": 355, "time": 1627635906.1248736, "rand": " "}
{"ip": 356, "time": 1627635906.940076, "rand": "J"}
{"ip": 357, "time": 1627635907.0999308, "rand": "Y"}
{"ip": 358, "time": 1627635907.2652154, "rand": "f"}
{"ip": 359, "time": 1627635907.5163822, "rand": "B"}
{"ip": 360, "time": 1627635908.1440184, "rand": "j"}
{"ip": 361, "time": 1627635908.9599662, "rand": "$"}
{"ip": 362, "time": 1627635909.1445735, "rand": "="}
{"ip": 363, "time": 1627635909.4104278, "rand": "T"}
{"ip": 364, "time": 1627635909.4831526, "rand": "C"}
{"ip": 365, "time": 1627635910.3338115, "rand": "("}
{"ip": 366, "time": 1627635911.286568, "rand": "\f"}
{"ip": 367, "time": 1627635911.497392, "rand": "a"}
{"ip": 368, "time": 1627635911.964416, "rand": "]"}
{"ip": 369, "time": 1627635912.92799, "rand": "1"}
{"ip": 370, "time": 1627635913.4139073, "rand": "$"}
{"ip": 371, "time": 1627635914.3046904, "rand": "!"}
{"ip": 372, "time": 1627635914.8604574, "rand": "\f"}
{"ip": 373, "time": 1627635915.603978, "rand": "q"}
{"ip": 374, "time": 1627635915.6501453, "rand": "s"}
{"ip": 375, "time": 1627635916.1410463, "rand": "%"}
{"ip": 376, "time": 1627635916.2503166, "rand": "s"}
{"ip": 377, "time": 1627635916.852605, "rand": "2"}
{"ip": 378, "time": 1627635917.4771442, "rand": "'"}
{"ip": 379, "time": 1627635917.8536155, "rand": "\n"}
{"ip": 380, "time": 1627635918.7617908, "rand": "@"}
{"ip": 381, "time": 1627635919.2281353, "rand": "\r"}
{"ip": 382, "time": 1627635919.4652293, "rand": "/"}
{"ip": 383, "time": 1627635919.516449, "rand": "Z"}
{"ip": 384, "time": 1627635919.6665864, "rand": ","}
{"ip": 385, "time": 1627635919.7099195, "rand": "y"}
{"ip": 386, "time": 1627635920.128447, "rand": "("}
{"ip": 387, "time": 1627635920.7168477, "rand": ","}
{"ip": 388, "time": 1627635921.3956757, "rand": "\t"}
{"ip": 389, "time": 1627635922.2934566, "rand": "r"}
{"ip": 390, "time": 1627635922.651657, "rand": "'"}
{"ip": 391, "time": 1627635923.2545886, "rand": "s"}
{"ip": 392, "time": 1627635923.8164363, "rand": "*"}
{"ip": 393, "time": 1627635924.466796, "rand": "\t"}
{"ip": 394, "time": 1627635925.0782707, "rand": "u"}
{"ip": 395, "time": 1627635925.9765704, "rand": ">"}
{"ip": 396, "time": 1627635926.7644303, "rand": "q"}
{"ip": 397, "time": 1627635927.5771425, "rand": "G"}
{"ip": 398, "time": 1627635928.341039, "rand": "T"}
{"ip": 399, "time": 1627635928.7342157, "rand": "r"}
{"ip": 400, "time": 1627635929.006975, "rand": "8"}
{"ip": 401, "time": 1627635929.5952816, "rand": "v"}
{"ip": 402, "time": 1627635929.8750196, "rand": "#"}
{"ip": 403, "time": 1627635930.334442, "rand": "n"}
{"ip": 404, "time": 1627635930.8739696, "rand": "V"}
{"ip": 405, "time": 1627635931.601406, "rand": "O"}
{"ip": 406, "time": 1627635932.6002667, "rand": "O"}
{"ip": 407, "time": 1627635932.6775572, "rand": "\t"}
{"ip": 408, "time": 1627635933.5325902, "rand": "^"}
{"ip": 409, "time": 1627635934.1379445, "rand": "("}
{"ip": 410, "time": 1627635934.5996885, "rand": "L"}
{"ip": 411, "time": 1627635934.631, "rand": "\t"}
{"ip": 412, "time": 1627635935.333518, "rand": "\\"}
{"ip": 413, "time": 1627635935.8719442, "rand": "|"}
{"ip": 414, "time": 1627635935.9909594, "rand": "n"}
{"ip": 415, "time": 1627635936.6144648, "rand": "q"}
{"ip": 416, "time": 1627635936.6837218, "rand": "s"}
{"ip": 417, "time": 1627635937.0705855, "rand": "s"}
{"ip": 418, "time": 1627635938.0184176, "rand": "]"}
{"ip": 419, "time": 1627635938.038257, "rand": "]"}
{"ip": 420, "time": 1627635938.560565, "rand": "k"}
{"ip": 421, "time": 1627635939.3062656, "rand": "7"}
{"ip": 422, "time": 1627635940.1862295, "rand": "@"}
{"ip": 423, "time": 1627635940.3160203, "rand": "5"}
{"ip": 424, "time": 1627635940.3449829, "rand": "&"}
{"ip": 425, "time": 1627635940.4194086, "rand": "J"}
{"ip": 426, "time": 1627635941.056641, "rand": "Q"}
{"ip": 427, "time": 1627635941.8844733, "rand": "{"}
{"ip": 428, "time": 1627635942.6167564, "rand": "$"}
{"ip": 429, "time": 1627635942.8272376, "rand": "q"}
{"ip": 430, "time": 1627635943.0695531, "rand": "N"}
{"ip": 431, "time": 1627635943.447881, "rand": "$"}
{"ip": 432, "time": 1627635944.2657049, "rand": "H"}
{"ip": 433, "time": 1627635944.3591852, "rand": "l"}
{"ip": 434, "time": 1627635944.7855716, "rand": "["}
{"ip": 435, "time": 1627635945.227263, "rand": "%"}
{"ip": 436, "time": 1627635945.9038389, "rand": " "}
{"ip": 437, "time": 1627635946.6828237, "rand": " "}
{"ip": 438, "time": 1627635947.624787, "rand": "L"}
{"ip": 439, "time": 1627635947.7992134, "rand": "R"}
{"ip": 440, "time": 1627635948.6982348, "rand": "<"}
{"ip": 441, "time": 1627635949.580608, "rand": "P"}
{"ip": 442, "time": 1627635950.2539387, "rand": "{"}
{"ip": 443, "time": 1627635950.9372783, "rand": "8"}
{"ip": 444, "time": 1627635951.7555737, "rand": "6"}
{"ip": 445, "time": 1627635952.3266332, "rand": "\t"}
{"ip": 446, "time": 1627635952.3296063, "rand": "N"}
{"ip": 447, "time": 1627635953.040907, "rand": "o"}
{"ip": 448, "time": 1627635953.266773, "rand": "\r"}
{"ip": 449, "time": 1627635954.0072649, "rand": "B"}
{"ip": 450, "time": 1627635954.5009122, "rand": "b"}
{"ip": 451, "time": 1627635954.983435, "rand": "5"}
{"ip": 452, "time": 1627635955.0027022, "rand": "s"}
{"ip": 453, "time": 1627635955.146602, "rand": "p"}
{"ip": 454, "time": 1627635955.9520571, "rand": "\f"}
{"ip": 455, "time": 1627635956.646395, "rand": "="}
{"ip": 456, "time": 1627635957.578848, "rand": "+"}
{"ip": 457, "time": 1627635958.161439, "rand": "N"}
{"ip": 458, "time": 1627635958.4865878, "rand": "'"}
{"ip": 459, "time": 1627635958.7215507, "rand": "B"}
{"ip": 460, "time": 1627635959.2372813, "rand": "C"}
{"ip": 461, "time": 1627635959.4021444, "rand": "n"}
{"ip": 462, "time": 1627635959.8802087, "rand": "V"}
{"ip": 463, "time": 1627635960.1292956, "rand": "C"}
{"ip": 464, "time": 1627635960.9842112, "rand": "^"}
{"ip": 465, "time": 1627635961.9642475, "rand": "H"}
{"ip": 466, "time": 1627635962.444403, "rand": ">"}
{"ip": 467, "time": 1627635962.8324556, "rand": "M"}
{"ip": 468, "time": 1627635963.5241337, "rand": "T"}
{"ip": 469, "time": 1627635963.5570872, "rand": "{"}
{"ip": 470, "time": 1627635963.8244123, "rand": "F"}
{"ip": 471, "time": 1627635964.7673523, "rand": "c"}
{"ip": 472, "time": 1627635965.3145773, "rand": "\\"}
{"ip": 473, "time": 1627635966.0706666, "rand": "O"}
{"ip": 474, "time": 1627635966.6341805, "rand": "f"}
{"ip": 475, "time": 1627635967.2807064, "rand": "x"}
{"ip": 476, "time": 1627635968.2097468, "rand": "_"}
{"ip": 477, "time": 1627635969.0105546, "rand": "B"}
{"ip": 478, "time": 1627635969.187181, "rand": "o"}
{"ip": 479, "time": 1627635969.6430137, "rand": "j"}
{"ip": 480, "time": 1627635969.8674586, "rand": "o"}
{"ip": 481, "time": 1627635970.3988967, "rand": "E"}
{"ip": 482, "time": 1627635970.685601, "rand": "3"}
{"ip": 483, "time": 1627635971.2644997, "rand": "c"}
{"ip": 484, "time": 1627635971.7977567, "rand": "8"}
{"ip": 485, "time": 1627635972.3003092, "rand": ":"}
{"ip": 486, "time": 1627635972.8475242, "rand": "z"}
{"ip": 487, "time": 1627635973.3716505, "rand": "Q"}
{"ip": 488, "time": 1627635974.0152442, "rand": "D"}
{"ip": 489, "time": 1627635974.788882, "rand": "|"}
{"ip": 490, "time": 1627635975.444693, "rand": "w"}
{"ip": 491, "time": 1627635976.0621374, "rand": "["}
{"ip": 492, "time": 1627635976.2562172, "rand": "\f"}
{"ip": 493, "time": 1627635976.4620688, "rand": "\\"}
{"ip": 494, "time": 1627635976.6191623, "rand": "5"}
{"ip": 495, "time": 1627635976.8439271, "rand": "&"}
{"ip": 496, "time": 1627635977.455358, "rand": "P"}
{"ip": 497, "time": 1627635977.6449747, "rand": "Z"}
